[18:24:20.981] [INFO] storybook v10.4.0
[18:24:21.530] [DEBUG] Getting package.json info for C:/Users/Ayodele Ibraheem/Downloads/Ayodele DOCS/storybook/package.json...
[18:24:21.539] [WARN] You are currently using Storybook [1m10.4.0[22m but you have packages which are incompatible with it:

- @storybook/addon-essentials@8.6.14 which depends on 8.6.14
 Repo: https://github.com/storybookjs/storybook/tree/next/code/addons/essentials
- @storybook/addon-interactions@8.6.14 which depends on 8.6.14
 Repo: https://github.com/storybookjs/storybook/tree/next/code/addons/interactions
- @storybook/blocks@8.6.14 which depends on ^8.6.14
 Repo: https://github.com/storybookjs/storybook/tree/next/code/lib/blocks

Please consider updating your packages or contacting the maintainers for compatibility details.

For more details on compatibility guidance, see:
https://github.com/storybookjs/storybook/issues/32836
[18:24:21.573] [ERROR] [38;2;241;97;97mSB_CORE-SERVER_0002 (CriticalPresetLoadError): Storybook failed to load the following preset: @storybook/react-vite/preset.

Please check whether your setup is correct, the Storybook dependencies (and their peer dependencies) are installed correctly and there are no package version clashes.

If you believe this is a bug, please open an issue on Github.

Error [ERR_MODULE_NOT_FOUND]: Cannot find package '@storybook/react-vite' imported from C:\Users\Ayodele Ibraheem\AppData\Local\npm-cache\_npx\6fe9a9991b157df1\node_modules\storybook\dist\_node-chunks\chunk-EGC27Z5J.js
    at Object.getPackageJSONURL (node:internal/modules/package_json_reader:301:9)
    at packageResolve (node:internal/modules/esm/resolve:768:81)
    at moduleResolve (node:internal/modules/esm/resolve:859:18)
    at defaultResolve (node:internal/modules/esm/resolve:991:11)
    at nextResolve (node:internal/modules/esm/hooks:785:28)
    at AsyncLoaderHooksOnLoaderHookWorker.resolve (node:internal/modules/esm/hooks:269:30)
    at MessagePort.handleMessage (node:internal/modules/esm/worker:251:24)
    at [nodejs.internal.kHybridDispatch] (node:internal/event_target:843:20)
    at MessagePort.<anonymous> (node:internal/per_context/messageport:23:28)

More info: 
[39m
    at loadPreset (file:///C:/Users/Ayodele%20Ibraheem/AppData/Local/npm-cache/_npx/6fe9a9991b157df1/node_modules/storybook/dist/_node-chunks/chunk-WKCYHYMS.js:9157:13)
    at async Promise.all (index 0)
    at async loadPresets (file:///C:/Users/Ayodele%20Ibraheem/AppData/Local/npm-cache/_npx/6fe9a9991b157df1/node_modules/storybook/dist/_node-chunks/chunk-WKCYHYMS.js:9166:73)
    at async getPresets (file:///C:/Users/Ayodele%20Ibraheem/AppData/Local/npm-cache/_npx/6fe9a9991b157df1/node_modules/storybook/dist/_node-chunks/chunk-WKCYHYMS.js:9197:23)
    at async buildDevStandalone (file:///C:/Users/Ayodele%20Ibraheem/AppData/Local/npm-cache/_npx/6fe9a9991b157df1/node_modules/storybook/dist/core-server/index.js:19412:52)
    at async withTelemetry (file:///C:/Users/Ayodele%20Ibraheem/AppData/Local/npm-cache/_npx/6fe9a9991b157df1/node_modules/storybook/dist/_node-chunks/chunk-OQIYQ5CW.js:655:12)
    at async dev (file:///C:/Users/Ayodele%20Ibraheem/AppData/Local/npm-cache/_npx/6fe9a9991b157df1/node_modules/storybook/dist/bin/core.js:2736:3)
    at async _Command.<anonymous> (file:///C:/Users/Ayodele%20Ibraheem/AppData/Local/npm-cache/_npx/6fe9a9991b157df1/node_modules/storybook/dist/bin/core.js:2806:92)
[18:24:21.575] [WARN] Broken build, fix the error above.
You may need to refresh the browser.
[18:24:21.582] [WARN]   Failed to load preset: {"name":"C:/Users/Ayodele Ibraheem/Downloads/Ayodele DOCS/storybook/node_modules/@storybook/addon-essentials/dist/preset.js"} on level 2
[18:24:21.582] [ERROR] [38;2;241;97;97mError: Cannot find module 'storybook/internal/common'
Require stack:
- .\node_modules\@storybook\addon-essentials\dist\preset.js[39m
    at Module._resolveFilename (node:internal/modules/cjs/loader:1456:15)
    at defaultResolveImpl (node:internal/modules/cjs/loader:1066:19)
    at resolveForCJSWithHooks (node:internal/modules/cjs/loader:1071:22)
    at Module._load (node:internal/modules/cjs/loader:1242:25)
    at wrapModuleLoad (node:internal/modules/cjs/loader:255:19)
    at Module.require (node:internal/modules/cjs/loader:1556:12)
    at require (node:internal/modules/helpers:152:16)
    at Object.<anonymous> (.\node_modules\@storybook\addon-essentials\dist\preset.js:4:14)
    at Module._compile (node:internal/modules/cjs/loader:1812:14)
    at Object..js (node:internal/modules/cjs/loader:1943:10)
[18:24:21.584] [WARN]   Failed to load preset: {"name":"C:/Users/Ayodele Ibraheem/Downloads/Ayodele DOCS/storybook/node_modules/@storybook/addon-interactions/dist/preset.js"} on level 2
[18:24:21.584] [ERROR] [38;2;241;97;97mError: Cannot find module 'storybook/internal/common'
Require stack:
- .\node_modules\@storybook\addon-interactions\dist\preset.js[39m
    at Module._resolveFilename (node:internal/modules/cjs/loader:1456:15)
    at defaultResolveImpl (node:internal/modules/cjs/loader:1066:19)
    at resolveForCJSWithHooks (node:internal/modules/cjs/loader:1071:22)
    at Module._load (node:internal/modules/cjs/loader:1242:25)
    at wrapModuleLoad (node:internal/modules/cjs/loader:255:19)
    at Module.require (node:internal/modules/cjs/loader:1556:12)
    at require (node:internal/modules/helpers:152:16)
    at Object.<anonymous> (.\node_modules\@storybook\addon-interactions\dist\preset.js:4:14)
    at Module._compile (node:internal/modules/cjs/loader:1812:14)
    at Object..js (node:internal/modules/cjs/loader:1943:10)